<?xml version='1.0'?>
<ns2:test-suite xmlns:ns2='urn:model.allure.qatools.yandex.ru' start='1611061195349' stop='1611061195382'>
    <name>Sign in page feature</name>
    <title>Sign in page feature</title>
    <test-cases>
        <test-case start='1611061195350' status='broken' stop='1611061195367'>
            <name>verify sign in page title</name>
            <title>verify sign in page title</title>
            <labels>
                <label name='language' value='javascript'/>
                <label name='framework' value='wdio'/>
                <label name='thread' value='0-0'/>
            </labels>
            <parameters>
                <parameter kind='argument' name='browser' value='chrome-87.0.4280.141'/>
            </parameters>
            <steps/>
            <attachments/>
            <failure>
                <message>element.waitForDisplayed is not a function</message>
                <stack-trace>TypeError: element.waitForDisplayed is not a function
                    at WebElementUtils.clickOnElement (/Users/kavitha/Documents/caesar/src/utils/webElementUtil.js:4:17)
                    at HomePage.clickOnSignInBtn (/Users/kavitha/Documents/caesar/src/pages/HomePage.js:9:17)
                    at Context.&lt;anonymous> (/Users/kavitha/Documents/caesar/test/web/signInTest.js:11:18)
                    at Context.executeAsync (/Users/kavitha/Documents/caesar/node_modules/@wdio/utils/build/shim.js:101:25)
                    at Context.exports.testFrameworkFnWrapper (/Users/kavitha/Documents/caesar/node_modules/@wdio/utils/build/test-framework/testFnWrapper.js:18:32)</stack-trace>
            </failure>
        </test-case>
        <test-case start='1611061195374' status='broken' stop='1611061195380'>
            <name>verify sign in to the app</name>
            <title>verify sign in to the app</title>
            <labels>
                <label name='language' value='javascript'/>
                <label name='framework' value='wdio'/>
                <label name='thread' value='0-0'/>
            </labels>
            <parameters>
                <parameter kind='argument' name='browser' value='chrome-87.0.4280.141'/>
            </parameters>
            <steps/>
            <attachments/>
            <failure>
                <message>element.waitForDisplayed is not a function</message>
                <stack-trace>TypeError: element.waitForDisplayed is not a function
                    at WebElementUtils.clickOnElement (/Users/kavitha/Documents/caesar/src/utils/webElementUtil.js:4:17)
                    at HomePage.clickOnSignInBtn (/Users/kavitha/Documents/caesar/src/pages/HomePage.js:9:17)
                    at Context.&lt;anonymous> (/Users/kavitha/Documents/caesar/test/web/signInTest.js:20:18)
                    at Context.executeAsync (/Users/kavitha/Documents/caesar/node_modules/@wdio/utils/build/shim.js:101:25)
                    at Context.exports.testFrameworkFnWrapper (/Users/kavitha/Documents/caesar/node_modules/@wdio/utils/build/test-framework/testFnWrapper.js:18:32)</stack-trace>
            </failure>
        </test-case>
    </test-cases>
</ns2:test-suite>