<?xml version='1.0'?>
<ns2:test-suite xmlns:ns2='urn:model.allure.qatools.yandex.ru' start='1610440905498' stop='1610440905499'>
    <name>Sign in page feature test</name>
    <title>Sign in page feature test</title>
    <test-cases>
        <test-case start='1610440905498' status='pending' stop='1610440905498'>
            <name>verify sign in page title</name>
            <title>verify sign in page title</title>
            <labels/>
            <parameters/>
            <steps/>
            <attachments/>
            <failure>
                <message>Test ignored</message>
                <stack-trace>undefined</stack-trace>
            </failure>
        </test-case>
        <test-case start='1610440905498' status='pending' stop='1610440905498'>
            <name>verify sign in to the app</name>
            <title>verify sign in to the app</title>
            <labels/>
            <parameters/>
            <steps/>
            <attachments/>
            <failure>
                <message>Test ignored</message>
                <stack-trace>undefined</stack-trace>
            </failure>
        </test-case>
    </test-cases>
</ns2:test-suite>